# JRE version: Java(TM) SE Runtime Environment (8.0_211-b12) (build 1.8.0_211-b12)
# Java VM: Java HotSpot(TM) 64-Bit Server VM (25.211-b12 mixed mode windows-amd64 compressed oops)
Heap:
 PSYoungGen      total 108032K, used 38930K [0x00000000f5580000, 0x00000000fcf80000, 0x0000000100000000)
  eden space 99840K, 30% used [0x00000000f5580000,0x00000000f738bc70,0x00000000fb700000)
  from space 8192K, 99% used [0x00000000fc780000,0x00000000fcf78e68,0x00000000fcf80000)
  to   space 12288K, 0% used [0x00000000fb780000,0x00000000fb780000,0x00000000fc380000)
 ParOldGen       total 175104K, used 16996K [0x00000000e0000000, 0x00000000eab00000, 0x00000000f5580000)
  object space 175104K, 9% used [0x00000000e0000000,0x00000000e1099128,0x00000000eab00000)
 Metaspace       used 43826K, capacity 44452K, committed 44712K, reserved 1087488K
  class space    used 5702K, capacity 5945K, committed 6056K, reserved 1048576K
GC Heap History (10 events):
Event: 34.741 GC heap before
{Heap before GC invocations=6 (full 1):
 PSYoungGen      total 76288K, used 73457K [0x00000000f5580000, 0x00000000faa80000, 0x0000000100000000)
  eden space 65536K, 100% used [0x00000000f5580000,0x00000000f9580000,0x00000000f9580000)
  from space 10752K, 73% used [0x00000000fa000000,0x00000000fa7bc508,0x00000000faa80000)
  to   space 10752K, 0% used [0x00000000f9580000,0x00000000f9580000,0x00000000fa000000)
 ParOldGen       total 175104K, used 10647K [0x00000000e0000000, 0x00000000eab00000, 0x00000000f5580000)
  object space 175104K, 6% used [0x00000000e0000000,0x00000000e0a65fc8,0x00000000eab00000)
 Metaspace       used 32677K, capacity 33260K, committed 33584K, reserved 1079296K
  class space    used 4332K, capacity 4545K, committed 4656K, reserved 1048576K
Event: 34.748 GC heap after
Heap after GC invocations=6 (full 1):
 PSYoungGen      total 74752K, used 10069K [0x00000000f5580000, 0x00000000fad00000, 0x0000000100000000)
  eden space 64000K, 0% used [0x00000000f5580000,0x00000000f5580000,0x00000000f9400000)
  from space 10752K, 93% used [0x00000000f9580000,0x00000000f9f55710,0x00000000fa000000)
  to   space 12800K, 0% used [0x00000000fa080000,0x00000000fa080000,0x00000000fad00000)
 ParOldGen       total 175104K, used 10655K [0x00000000e0000000, 0x00000000eab00000, 0x00000000f5580000)
  object space 175104K, 6% used [0x00000000e0000000,0x00000000e0a67fc8,0x00000000eab00000)
 Metaspace       used 32677K, capacity 33260K, committed 33584K, reserved 1079296K
  class space    used 4332K, capacity 4545K, committed 4656K, reserved 1048576K
}
Event: 35.067 GC heap before
{Heap before GC invocations=7 (full 1):
 PSYoungGen      total 74752K, used 52293K [0x00000000f5580000, 0x00000000fad00000, 0x0000000100000000)
  eden space 64000K, 65% used [0x00000000f5580000,0x00000000f7ebbdc8,0x00000000f9400000)
  from space 10752K, 93% used [0x00000000f9580000,0x00000000f9f55710,0x00000000fa000000)
  to   space 12800K, 0% used [0x00000000fa080000,0x00000000fa080000,0x00000000fad00000)
 ParOldGen       total 175104K, used 10655K [0x00000000e0000000, 0x00000000eab00000, 0x00000000f5580000)
  object space 175104K, 6% used [0x00000000e0000000,0x00000000e0a67fc8,0x00000000eab00000)
 Metaspace       used 34670K, capacity 35308K, committed 35496K, reserved 1079296K
  class space    used 4687K, capacity 4929K, committed 5032K, reserved 1048576K
Event: 35.076 GC heap after
Heap after GC invocations=7 (full 1):
 PSYoungGen      total 76800K, used 10127K [0x00000000f5580000, 0x00000000fe580000, 0x0000000100000000)
  eden space 64000K, 0% used [0x00000000f5580000,0x00000000f5580000,0x00000000f9400000)
  from space 12800K, 79% used [0x00000000fa080000,0x00000000faa63dd0,0x00000000fad00000)
  to   space 12800K, 0% used [0x00000000f9400000,0x00000000f9400000,0x00000000fa080000)
 ParOldGen       total 175104K, used 10663K [0x00000000e0000000, 0x00000000eab00000, 0x00000000f5580000)
  object space 175104K, 6% used [0x00000000e0000000,0x00000000e0a69fc8,0x00000000eab00000)
 Metaspace       used 34670K, capacity 35308K, committed 35496K, reserved 1079296K
  class space    used 4687K, capacity 4929K, committed 5032K, reserved 1048576K
}
Event: 35.076 GC heap before
{Heap before GC invocations=8 (full 2):
 PSYoungGen      total 76800K, used 10127K [0x00000000f5580000, 0x00000000fe580000, 0x0000000100000000)
  eden space 64000K, 0% used [0x00000000f5580000,0x00000000f5580000,0x00000000f9400000)
  from space 12800K, 79% used [0x00000000fa080000,0x00000000faa63dd0,0x00000000fad00000)
  to   space 12800K, 0% used [0x00000000f9400000,0x00000000f9400000,0x00000000fa080000)
 ParOldGen       total 175104K, used 10663K [0x00000000e0000000, 0x00000000eab00000, 0x00000000f5580000)
  object space 175104K, 6% used [0x00000000e0000000,0x00000000e0a69fc8,0x00000000eab00000)
 Metaspace       used 34670K, capacity 35308K, committed 35496K, reserved 1079296K
  class space    used 4687K, capacity 4929K, committed 5032K, reserved 1048576K
Event: 35.127 GC heap after
Heap after GC invocations=8 (full 2):
 PSYoungGen      total 76800K, used 0K [0x00000000f5580000, 0x00000000fe580000, 0x0000000100000000)
  eden space 64000K, 0% used [0x00000000f5580000,0x00000000f5580000,0x00000000f9400000)
  from space 12800K, 0% used [0x00000000fa080000,0x00000000fa080000,0x00000000fad00000)
  to   space 12800K, 0% used [0x00000000f9400000,0x00000000f9400000,0x00000000fa080000)
 ParOldGen       total 175104K, used 16964K [0x00000000e0000000, 0x00000000eab00000, 0x00000000f5580000)
  object space 175104K, 9% used [0x00000000e0000000,0x00000000e1091128,0x00000000eab00000)
 Metaspace       used 34564K, capacity 35160K, committed 35496K, reserved 1079296K
  class space    used 4663K, capacity 4881K, committed 5032K, reserved 1048576K
}
Event: 36.119 GC heap before
{Heap before GC invocations=9 (full 2):
 PSYoungGen      total 76800K, used 64000K [0x00000000f5580000, 0x00000000fe580000, 0x0000000100000000)
  eden space 64000K, 100% used [0x00000000f5580000,0x00000000f9400000,0x00000000f9400000)
  from space 12800K, 0% used [0x00000000fa080000,0x00000000fa080000,0x00000000fad00000)
  to   space 12800K, 0% used [0x00000000f9400000,0x00000000f9400000,0x00000000fa080000)
 ParOldGen       total 175104K, used 16964K [0x00000000e0000000, 0x00000000eab00000, 0x00000000f5580000)
  object space 175104K, 9% used [0x00000000e0000000,0x00000000e1091128,0x00000000eab00000)
 Metaspace       used 39422K, capacity 39988K, committed 40488K, reserved 1083392K
  class space    used 5314K, capacity 5541K, committed 5672K, reserved 1048576K
Event: 36.125 GC heap after
Heap after GC invocations=9 (full 2):
 PSYoungGen      total 76800K, used 7578K [0x00000000f5580000, 0x00000000fd400000, 0x0000000100000000)
  eden space 64000K, 0% used [0x00000000f5580000,0x00000000f5580000,0x00000000f9400000)
  from space 12800K, 59% used [0x00000000f9400000,0x00000000f9b66910,0x00000000fa080000)
  to   space 12800K, 0% used [0x00000000fc780000,0x00000000fc780000,0x00000000fd400000)
 ParOldGen       total 175104K, used 16972K [0x00000000e0000000, 0x00000000eab00000, 0x00000000f5580000)
  object space 175104K, 9% used [0x00000000e0000000,0x00000000e1093128,0x00000000eab00000)
 Metaspace       used 39422K, capacity 39988K, committed 40488K, reserved 1083392K
  class space    used 5314K, capacity 5541K, committed 5672K, reserved 1048576K
}
Event: 44.377 GC heap before
{Heap before GC invocations=10 (full 2):
 PSYoungGen      total 76800K, used 71578K [0x00000000f5580000, 0x00000000fd400000, 0x0000000100000000)
  eden space 64000K, 100% used [0x00000000f5580000,0x00000000f9400000,0x00000000f9400000)
  from space 12800K, 59% used [0x00000000f9400000,0x00000000f9b66910,0x00000000fa080000)
  to   space 12800K, 0% used [0x00000000fc780000,0x00000000fc780000,0x00000000fd400000)
 ParOldGen       total 175104K, used 16972K [0x00000000e0000000, 0x00000000eab00000, 0x00000000f5580000)
  object space 175104K, 9% used [0x00000000e0000000,0x00000000e1093128,0x00000000eab00000)
 Metaspace       used 43403K, capacity 44132K, committed 44456K, reserved 1087488K
  class space    used 5696K, capacity 5945K, committed 6056K, reserved 1048576K
Event: 44.386 GC heap after
Heap after GC invocations=10 (full 2):
 PSYoungGen      total 108032K, used 8163K [0x00000000f5580000, 0x00000000fcf80000, 0x0000000100000000)
  eden space 99840K, 0% used [0x00000000f5580000,0x00000000f5580000,0x00000000fb700000)
  from space 8192K, 99% used [0x00000000fc780000,0x00000000fcf78e68,0x00000000fcf80000)
  to   space 12288K, 0% used [0x00000000fb780000,0x00000000fb780000,0x00000000fc380000)
 ParOldGen       total 175104K, used 16996K [0x00000000e0000000, 0x00000000eab00000, 0x00000000f5580000)
  object space 175104K, 9% used [0x00000000e0000000,0x00000000e1099128,0x00000000eab00000)
 Metaspace       used 43403K, capacity 44132K, committed 44456K, reserved 1087488K
  class space    used 5696K, capacity 5945K, committed 6056K, reserved 1048576K
}

